[2025-04-28 16:18:00,953: INFO :monitor :Starting AsyncSystemMonitor application]
[2025-04-28 16:18:00,954: INFO :monitor :Initializing AsyncSystemMonitor]
[2025-04-28 16:18:00,954: INFO :monitor :Connecting to MongoDB at mongodb+srv://amrindersingh:7k9pHt7LcbOa8yqB@cluster0.6ememug.mongodb.net/]
[2025-04-28 16:18:07,248: ERROR :monitor :Failed to connect to MongoDB: No replica set members found yet, Timeout: 5.0s, Topology Description: <TopologyDescription id: 680f5ce22ba85afd696b7b62, topology_type: ReplicaSetNoPrimary, servers: [<ServerDescription ('ac-wcwqiwl-shard-00-00.6ememug.mongodb.net', 27017) server_type: Unknown, rtt: None>, <ServerDescription ('ac-wcwqiwl-shard-00-01.6ememug.mongodb.net', 27017) server_type: Unknown, rtt: None>, <ServerDescription ('ac-wcwqiwl-shard-00-02.6ememug.mongodb.net', 27017) server_type: Unknown, rtt: None>]>]
[2025-04-28 16:18:07,252: INFO :monitor :Collecting system information]
[2025-04-28 16:18:07,328: WARNING :monitor :Could not get disk info for C:\: argument 1 (impossible<bad format char>)]
[2025-04-28 16:18:07,328: INFO :monitor :Collected info for 0 disk partitions]
[2025-04-28 16:18:07,345: INFO :monitor :Collected info for 7 network interfaces]
[2025-04-28 16:18:07,345: INFO :monitor :AsyncSystemMonitor initialization complete]
[2025-04-28 16:18:07,345: INFO :monitor :Starting metrics collection cycle]
[2025-04-28 16:18:07,345: ERROR :monitor :No MongoDB connection available, skipping metrics collection]
[2025-04-28 16:18:07,345: INFO :monitor :AsyncSystemMonitor application completed]
[2025-04-28 16:18:44,030: INFO :monitor :Starting AsyncSystemMonitor application]
[2025-04-28 16:18:44,031: INFO :monitor :Initializing AsyncSystemMonitor]
[2025-04-28 16:18:44,031: INFO :monitor :Connecting to MongoDB at mongodb+srv://amrindersingh:7k9pHt7LcbOa8yqB@cluster0.6ememug.mongodb.net/]
[2025-04-28 16:18:50,820: ERROR :monitor :Failed to connect to MongoDB: No replica set members found yet, Timeout: 5.0s, Topology Description: <TopologyDescription id: 680f5d0df8f12f338fec706b, topology_type: ReplicaSetNoPrimary, servers: [<ServerDescription ('ac-wcwqiwl-shard-00-00.6ememug.mongodb.net', 27017) server_type: Unknown, rtt: None>, <ServerDescription ('ac-wcwqiwl-shard-00-01.6ememug.mongodb.net', 27017) server_type: Unknown, rtt: None>, <ServerDescription ('ac-wcwqiwl-shard-00-02.6ememug.mongodb.net', 27017) server_type: Unknown, rtt: None>]>]
[2025-04-28 16:18:50,820: INFO :monitor :Collecting system information]
[2025-04-28 16:18:50,870: WARNING :monitor :Could not get disk info for C:\: argument 1 (impossible<bad format char>)]
[2025-04-28 16:18:50,870: INFO :monitor :Collected info for 0 disk partitions]
[2025-04-28 16:18:50,891: INFO :monitor :Collected info for 7 network interfaces]
[2025-04-28 16:18:50,893: INFO :monitor :AsyncSystemMonitor initialization complete]
[2025-04-28 16:18:50,893: INFO :monitor :Starting metrics collection cycle]
[2025-04-28 16:18:50,893: ERROR :monitor :No MongoDB connection available, skipping metrics collection]
[2025-04-28 16:18:50,893: INFO :monitor :AsyncSystemMonitor application completed]
[2025-04-28 16:22:14,787: INFO :monitor :Starting AsyncSystemMonitor application]
[2025-04-28 16:22:14,787: INFO :monitor :Initializing AsyncSystemMonitor]
[2025-04-28 16:22:14,787: INFO :monitor :Connecting to MongoDB at mongodb+srv://amrindersingh:7k9pHt7LcbOa8yqB@cluster0.6ememug.mongodb.net/]
[2025-04-28 16:22:17,215: INFO :monitor :Successfully connected to MongoDB database: system_monitoring, collection: system_activity]
[2025-04-28 16:22:17,215: INFO :monitor :Collecting system information]
[2025-04-28 16:22:17,273: WARNING :monitor :Could not get disk info for C:\: argument 1 (impossible<bad format char>)]
[2025-04-28 16:22:17,273: INFO :monitor :Collected info for 0 disk partitions]
[2025-04-28 16:22:17,294: INFO :monitor :Collected info for 7 network interfaces]
[2025-04-28 16:22:17,295: INFO :monitor :AsyncSystemMonitor initialization complete]
[2025-04-28 16:22:17,295: INFO :monitor :Starting metrics collection cycle]
[2025-04-28 16:22:22,749: WARNING :monitor :Could not get disk usage for C:\: argument 1 (impossible<bad format char>)]
[2025-04-28 16:22:24,870: INFO :monitor :Metrics logged at 2025-04-28T10:52:17.295201, document ID: 680f5de86a764aaf76791392]
[2025-04-28 16:22:24,871: INFO :monitor :AsyncSystemMonitor application completed]
[2025-04-28 16:28:28,253: INFO :monitor :Starting AsyncSystemMonitor application]
[2025-04-28 16:28:28,253: INFO :monitor :Initializing AsyncSystemMonitor]
[2025-04-28 16:28:28,253: INFO :monitor :Connecting to MongoDB at mongodb+srv://amrindersingh:7k9pHt7LcbOa8yqB@cluster0.6ememug.mongodb.net/]
[2025-04-28 16:28:34,613: ERROR :monitor :Failed to connect to MongoDB: No replica set members found yet, Timeout: 5.0s, Topology Description: <TopologyDescription id: 680f5f556ccb1e692a39a975, topology_type: ReplicaSetNoPrimary, servers: [<ServerDescription ('ac-wcwqiwl-shard-00-00.6ememug.mongodb.net', 27017) server_type: Unknown, rtt: None>, <ServerDescription ('ac-wcwqiwl-shard-00-01.6ememug.mongodb.net', 27017) server_type: Unknown, rtt: None>, <ServerDescription ('ac-wcwqiwl-shard-00-02.6ememug.mongodb.net', 27017) server_type: Unknown, rtt: None>]>]
[2025-04-28 16:28:34,613: INFO :monitor :Collecting system information]
[2025-04-28 16:28:34,690: WARNING :monitor :Could not get disk info for C:\: argument 1 (impossible<bad format char>)]
[2025-04-28 16:28:34,691: INFO :monitor :Collected info for 0 disk partitions]
[2025-04-28 16:28:34,710: INFO :monitor :Collected info for 7 network interfaces]
[2025-04-28 16:28:34,711: INFO :monitor :AsyncSystemMonitor initialization complete]
[2025-04-28 16:28:34,711: INFO :monitor :Starting metrics collection cycle]
[2025-04-28 16:28:34,711: ERROR :monitor :No MongoDB connection available, skipping metrics collection]
[2025-04-28 16:28:34,711: INFO :monitor :AsyncSystemMonitor application completed]
[2025-04-28 16:28:49,248: INFO :monitor :Starting AsyncSystemMonitor application]
[2025-04-28 16:28:49,248: INFO :monitor :Initializing AsyncSystemMonitor]
[2025-04-28 16:28:49,249: INFO :monitor :Connecting to MongoDB at mongodb+srv://amrindersingh:7k9pHt7LcbOa8yqB@cluster0.6ememug.mongodb.net/]
[2025-04-28 16:28:55,893: ERROR :monitor :Failed to connect to MongoDB: No replica set members found yet, Timeout: 5.0s, Topology Description: <TopologyDescription id: 680f5f6a331ea73af0a42e4f, topology_type: ReplicaSetNoPrimary, servers: [<ServerDescription ('ac-wcwqiwl-shard-00-00.6ememug.mongodb.net', 27017) server_type: Unknown, rtt: None>, <ServerDescription ('ac-wcwqiwl-shard-00-01.6ememug.mongodb.net', 27017) server_type: Unknown, rtt: None>, <ServerDescription ('ac-wcwqiwl-shard-00-02.6ememug.mongodb.net', 27017) server_type: Unknown, rtt: None>]>]
[2025-04-28 16:28:55,893: INFO :monitor :Collecting system information]
[2025-04-28 16:28:55,941: WARNING :monitor :Could not get disk info for C:\: argument 1 (impossible<bad format char>)]
[2025-04-28 16:28:55,941: INFO :monitor :Collected info for 0 disk partitions]
[2025-04-28 16:28:55,961: INFO :monitor :Collected info for 7 network interfaces]
[2025-04-28 16:28:55,961: INFO :monitor :AsyncSystemMonitor initialization complete]
[2025-04-28 16:28:55,961: INFO :monitor :Starting metrics collection cycle]
[2025-04-28 16:28:55,962: ERROR :monitor :No MongoDB connection available, skipping metrics collection]
[2025-04-28 16:28:55,962: INFO :monitor :AsyncSystemMonitor application completed]
[2025-04-28 16:29:13,461: INFO :monitor :Starting AsyncSystemMonitor application]
[2025-04-28 16:29:13,461: INFO :monitor :Initializing AsyncSystemMonitor]
[2025-04-28 16:29:13,462: INFO :monitor :Connecting to MongoDB at mongodb+srv://amrindersingh:7k9pHt7LcbOa8yqB@cluster0.6ememug.mongodb.net/]
[2025-04-28 16:29:19,754: ERROR :monitor :Failed to connect to MongoDB: No replica set members found yet, Timeout: 5.0s, Topology Description: <TopologyDescription id: 680f5f82cd0a00f25469c934, topology_type: ReplicaSetNoPrimary, servers: [<ServerDescription ('ac-wcwqiwl-shard-00-00.6ememug.mongodb.net', 27017) server_type: Unknown, rtt: None>, <ServerDescription ('ac-wcwqiwl-shard-00-01.6ememug.mongodb.net', 27017) server_type: Unknown, rtt: None>, <ServerDescription ('ac-wcwqiwl-shard-00-02.6ememug.mongodb.net', 27017) server_type: Unknown, rtt: None>]>]
[2025-04-28 16:29:19,754: INFO :monitor :Collecting system information]
[2025-04-28 16:29:19,818: WARNING :monitor :Could not get disk info for C:\: argument 1 (impossible<bad format char>)]
[2025-04-28 16:29:19,818: INFO :monitor :Collected info for 0 disk partitions]
[2025-04-28 16:29:19,873: INFO :monitor :Collected info for 7 network interfaces]
[2025-04-28 16:29:19,873: INFO :monitor :AsyncSystemMonitor initialization complete]
[2025-04-28 16:29:19,873: INFO :monitor :Starting metrics collection cycle]
[2025-04-28 16:29:19,873: ERROR :monitor :No MongoDB connection available, skipping metrics collection]
[2025-04-28 16:29:19,873: INFO :monitor :AsyncSystemMonitor application completed]
[2025-04-28 16:31:25,669: INFO :monitor :Starting AsyncSystemMonitor application]
[2025-04-28 16:31:25,670: INFO :monitor :Initializing AsyncSystemMonitor]
[2025-04-28 16:31:25,670: INFO :monitor :Connecting to MongoDB at mongodb+srv://amrindersingh:7k9pHt7LcbOa8yqB@cluster0.6ememug.mongodb.net/]
[2025-04-28 16:31:28,076: INFO :monitor :Successfully connected to MongoDB database: system_monitoring, collection: system_activity]
[2025-04-28 16:31:28,077: INFO :monitor :Collecting system information]
[2025-04-28 16:31:28,160: WARNING :monitor :Could not get disk info for C:\: argument 1 (impossible<bad format char>)]
[2025-04-28 16:31:28,161: INFO :monitor :Collected info for 0 disk partitions]
[2025-04-28 16:31:28,174: INFO :monitor :Collected info for 7 network interfaces]
[2025-04-28 16:31:28,175: INFO :monitor :AsyncSystemMonitor initialization complete]
[2025-04-28 16:31:28,175: INFO :monitor :Starting metrics collection cycle]
[2025-04-28 16:31:34,038: WARNING :monitor :Could not get disk usage for C:\: argument 1 (impossible<bad format char>)]
[2025-04-28 16:31:36,147: INFO :monitor :Metrics logged at 2025-04-28T11:01:28.175083, document ID: 680f6010e6145ba9b4a21498]
[2025-04-28 16:31:36,148: INFO :monitor :AsyncSystemMonitor application completed]
